<?xml version="1.0"?>
<testsuites>
  <testsuite name="PhantomJS 1.9.8 (Mac OS X)" package="" timestamp="2015-05-26T20:42:57" id="0" hostname="Dumbledore.local" tests="1" errors="1" failures="1" time="0.001">
    <properties>
      <property name="browser.fullName" value="Mozilla/5.0 (Macintosh; Intel Mac OS X) AppleWebKit/534.34 (KHTML, like Gecko) PhantomJS/1.9.8 Safari/534.34"/>
    </properties>
    <testcase name="encountered a declaration exception" time="0.001" classname="PhantomJS 1.9.8 (Mac OS X).homeCtrl">
      <failure type="">ReferenceError: Can&apos;t find variable: module
    at /Users/chester/git/demo-app/tests/unit-tests/app.js:6
    at /Users/chester/git/demo-app/tests/unit-tests/app.js:32
</failure>
    </testcase>
    <system-out><![CDATA[
]]></system-out>
    <system-err/>
  </testsuite>
</testsuites>
